[19:29:19.841] [INFO] [36mInitializing Storybook[39m
[19:29:20.357] [DEBUG] Getting package.json info for c:/Users/Asus/OneDrive/Desktop/Nyaya_AI Frontend/Nyaya_AI-Frontend/frontend/package.json...
[19:29:20.359] [DEBUG] Getting CLI versions from NPM for storybook...
[19:29:20.359] [DEBUG] Executing command: npm info storybook version
[19:29:22.562] [INFO] Adding Storybook version 10.1.11 to your project
[19:29:22.566] [DEBUG] Project type detected: react
[19:29:22.566] [DEBUG] Using cached package.json for c:\Users\Asus\OneDrive\Desktop\Nyaya_AI Frontend\Nyaya_AI-Frontend\frontend\package.json...
[19:29:22.570] [DEBUG] Using cached package.json for c:\Users\Asus\OneDrive\Desktop\Nyaya_AI Frontend\Nyaya_AI-Frontend\frontend\package.json...
[19:29:22.570] [INFO] Framework detected: react-vite
[19:29:22.571] [DEBUG] Getting installed version for vitest...
[19:29:22.571] [DEBUG] Executing command: npm ls --json --depth=99 2>NUL
[19:29:23.620] [DEBUG] Executing command: npm ls --json --depth=0 2>NUL
[19:29:24.821] [DEBUG] An issue occurred while trying to find dependencies metadata using npm: Error: Command failed with exit code 1: npm.cmd ls --json --depth=0 2>NUL
npm error code EINVALIDTAGNAME
npm error Invalid tag name "2>NUL" of package "2>NUL": Tags may not have any characters that encodeURIComponent encodes.
npm error A complete log of this run can be found in: C:\Users\Asus\AppData\Local\npm-cache\_logs\2026-01-20T13_59_24_142Z-debug-0.log
{
  "error": {
    "code": "EINVALIDTAGNAME",
    "summary": "Invalid tag name \"2>NUL\" of package \"2>NUL\": Tags may not have any characters that encodeURIComponent encodes.",
    "detail": ""
  }
}
[19:29:24.821] [DEBUG] Getting installed version for msw...
[19:29:24.821] [DEBUG] Executing command: npm ls --json --depth=99 2>NUL
[19:29:26.191] [DEBUG] Executing command: npm ls --json --depth=0 2>NUL
[19:29:27.309] [DEBUG] An issue occurred while trying to find dependencies metadata using npm: Error: Command failed with exit code 1: npm.cmd ls --json --depth=0 2>NUL
npm error code EINVALIDTAGNAME
npm error Invalid tag name "2>NUL" of package "2>NUL": Tags may not have any characters that encodeURIComponent encodes.
npm error A complete log of this run can be found in: C:\Users\Asus\AppData\Local\npm-cache\_logs\2026-01-20T13_59_26_630Z-debug-0.log
{
  "error": {
    "code": "EINVALIDTAGNAME",
    "summary": "Invalid tag name \"2>NUL\" of package \"2>NUL\": Tags may not have any characters that encodeURIComponent encodes.",
    "detail": ""
  }
}
[19:29:27.316] [DEBUG] Using cached package.json for c:\Users\Asus\OneDrive\Desktop\Nyaya_AI Frontend\Nyaya_AI-Frontend\frontend\package.json...
[19:29:27.316] [DEBUG] Using cached package.json for c:\Users\Asus\OneDrive\Desktop\Nyaya_AI Frontend\Nyaya_AI-Frontend\frontend\package.json...
[19:29:27.316] [DEBUG] Using cached package.json for c:\Users\Asus\OneDrive\Desktop\Nyaya_AI Frontend\Nyaya_AI-Frontend\frontend\package.json...
[19:29:27.318] [DEBUG] Using cached version for storybook...
[19:29:27.318] [DEBUG] Getting CLI versions from NPM for @storybook/react-vite...
[19:29:27.318] [DEBUG] Executing command: npm info @storybook/react-vite version
[19:29:27.337] [DEBUG] Getting CLI versions from NPM for @chromatic-com/storybook...
[19:29:27.337] [DEBUG] Executing command: npm info @chromatic-com/storybook version
[19:29:27.360] [DEBUG] Getting CLI versions from NPM for @storybook/addon-vitest...
[19:29:27.360] [DEBUG] Executing command: npm info @storybook/addon-vitest version
[19:29:27.382] [DEBUG] Getting CLI versions from NPM for @storybook/addon-a11y...
[19:29:27.382] [DEBUG] Executing command: npm info @storybook/addon-a11y version
[19:29:27.414] [DEBUG] Getting CLI versions from NPM for @storybook/addon-docs...
[19:29:27.415] [DEBUG] Executing command: npm info @storybook/addon-docs version
[19:29:27.452] [DEBUG] Getting CLI versions from NPM for @storybook/addon-onboarding...
[19:29:27.452] [DEBUG] Executing command: npm info @storybook/addon-onboarding version
[19:29:27.491] [DEBUG] Getting CLI versions from NPM for prop-types...
[19:29:27.491] [DEBUG] Executing command: npm info prop-types version
[19:29:33.358] [INFO] - Configuring main.js
[19:29:33.361] [INFO] - Configuring preview.js
[19:29:33.363] [INFO] - Adding Storybook command to package.json
[19:29:33.364] [DEBUG] Getting package.json info for c:/Users/Asus/OneDrive/Desktop/Nyaya_AI Frontend/Nyaya_AI-Frontend/frontend/package.json...
[19:29:33.364] [DEBUG] Using cached package.json for c:\Users\Asus\OneDrive\Desktop\Nyaya_AI Frontend\Nyaya_AI-Frontend\frontend\package.json...
[19:29:33.374] [INFO] - Copying framework templates
[19:29:33.421] [DEBUG] Executing command: npm config get registry -ws=false -iwr
[19:29:34.551] [INFO] Storybook configuration generated
[19:29:34.552] [DEBUG] Using cached package.json for c:\Users\Asus\OneDrive\Desktop\Nyaya_AI Frontend\Nyaya_AI-Frontend\frontend\package.json...
[19:29:34.552] [DEBUG] Using cached installed version for vitest...
[19:29:34.552] [DEBUG] Getting installed version for @vitest/coverage-v8...
[19:29:34.552] [DEBUG] Executing command: npm ls --json --depth=99 2>NUL
[19:29:35.709] [DEBUG] Executing command: npm ls --json --depth=0 2>NUL
[19:29:36.692] [DEBUG] An issue occurred while trying to find dependencies metadata using npm: Error: Command failed with exit code 1: npm.cmd ls --json --depth=0 2>NUL
npm error code EINVALIDTAGNAME
npm error Invalid tag name "2>NUL" of package "2>NUL": Tags may not have any characters that encodeURIComponent encodes.
npm error A complete log of this run can be found in: C:\Users\Asus\AppData\Local\npm-cache\_logs\2026-01-20T13_59_36_039Z-debug-0.log
{
  "error": {
    "code": "EINVALIDTAGNAME",
    "summary": "Invalid tag name \"2>NUL\" of package \"2>NUL\": Tags may not have any characters that encodeURIComponent encodes.",
    "detail": ""
  }
}
[19:29:36.692] [DEBUG] Getting installed version for @vitest/coverage-istanbul...
[19:29:36.692] [DEBUG] Executing command: npm ls --json --depth=99 2>NUL
[19:29:40.785] [DEBUG] Executing command: npm ls --json --depth=0 2>NUL
[19:29:44.036] [DEBUG] An issue occurred while trying to find dependencies metadata using npm: Error: Command failed with exit code 1: npm.cmd ls --json --depth=0 2>NUL
npm error code EINVALIDTAGNAME
npm error Invalid tag name "2>NUL" of package "2>NUL": Tags may not have any characters that encodeURIComponent encodes.
npm error A complete log of this run can be found in: C:\Users\Asus\AppData\Local\npm-cache\_logs\2026-01-20T13_59_42_450Z-debug-0.log
{
  "error": {
    "code": "EINVALIDTAGNAME",
    "summary": "Invalid tag name \"2>NUL\" of package \"2>NUL\": Tags may not have any characters that encodeURIComponent encodes.",
    "detail": ""
  }
}
[19:29:44.036] [INFO] Adding devDependencies:
- storybook@^10.1.11
- @storybook/react-vite@^10.1.11
- @chromatic-com/storybook@^5.0.0
- @storybook/addon-vitest@^10.1.11
- @storybook/addon-a11y@^10.1.11
- @storybook/addon-docs@^10.1.11
- @storybook/addon-onboarding@^10.1.11
- prop-types@^15.8.1
- vitest
- playwright
- @vitest/browser-playwright
- @vitest/coverage-v8
[19:29:44.038] [DEBUG] Using cached package.json for c:\Users\Asus\OneDrive\Desktop\Nyaya_AI Frontend\Nyaya_AI-Frontend\frontend\package.json...
[19:29:44.039] [DEBUG] Using cached version for storybook...
[19:29:44.039] [DEBUG] Using cached version for @storybook/react-vite...
[19:29:44.039] [DEBUG] Using cached version for @chromatic-com/storybook...
[19:29:44.039] [DEBUG] Using cached version for @storybook/addon-vitest...
[19:29:44.039] [DEBUG] Using cached version for @storybook/addon-a11y...
[19:29:44.039] [DEBUG] Using cached version for @storybook/addon-docs...
[19:29:44.039] [DEBUG] Using cached version for @storybook/addon-onboarding...
[19:29:44.039] [DEBUG] Using cached version for prop-types...
[19:29:44.039] [DEBUG] Getting CLI versions from NPM for vitest...
[19:29:44.039] [DEBUG] Executing command: npm info vitest version
[19:29:46.542] [DEBUG] Getting CLI versions from NPM for playwright...
[19:29:46.542] [DEBUG] Executing command: npm info playwright version
[19:29:49.764] [DEBUG] Getting CLI versions from NPM for @vitest/browser-playwright...
[19:29:49.764] [DEBUG] Executing command: npm info @vitest/browser-playwright version
[19:29:51.474] [DEBUG] Getting CLI versions from NPM for @vitest/coverage-v8...
[19:29:51.474] [DEBUG] Executing command: npm info @vitest/coverage-v8 version
[19:29:53.295] [INFO] Dependencies added to package.json
[19:29:53.296] [INFO] Installing dependencies...
[19:29:53.296] [INFO] Installing dependencies...
[19:29:53.297] [DEBUG] Executing command: npm install
[19:30:02.086] [ERROR] Installation of dependencies failed! {"error":"Error: Command failed with exit code 1: npm.cmd install\nnpm error code ERESOLVE\nnpm error ERESOLVE unable to resolve dependency tree\nnpm error\nnpm error While resolving: nyaya-ai-frontend@1.0.0\nnpm error Found: vite@4.5.14\nnpm error node_modules/vite\nnpm error   dev vite@\"^4.5.14\" from the root project\nnpm error\nnpm error Could not resolve dependency:\nnpm error peer vite@\"^5.0.0 || ^6.0.0 || ^7.0.0\" from @storybook/react-vite@10.1.11\nnpm error node_modules/@storybook/react-vite\nnpm error   dev @storybook/react-vite@\"^10.1.11\" from the root project\nnpm error\nnpm error Fix the upstream dependency conflict, or retry\nnpm error this command with --force or --legacy-peer-deps\nnpm error to accept an incorrect (and potentially broken) dependency resolution.\nnpm error\nnpm error\nnpm error For a full report see:\nnpm error C:\\Users\\Asus\\AppData\\Local\\npm-cache\\_logs\\2026-01-20T13_59_53_867Z-eresolve-report.txt\nnpm error A complete log of this run can be found in: C:\\Users\\Asus\\AppData\\Local\\npm-cache\\_logs\\2026-01-20T13_59_53_867Z-debug-0.log\n    at makeError (file:///C:/Users/Asus/AppData/Local/npm-cache/_npx/96f9239703459233/node_modules/storybook/dist/_node-chunks/chunk-Q4DOC7HF.js:12912:95)\n    at file:///C:/Users/Asus/AppData/Local/npm-cache/_npx/96f9239703459233/node_modules/storybook/dist/_node-chunks/chunk-Q4DOC7HF.js:13486:27\n    at process.processTicksAndRejections (node:internal/process/task_queues:105:5)\n    at async Object.executeTaskWithSpinner (file:///C:/Users/Asus/AppData/Local/npm-cache/_npx/96f9239703459233/node_modules/storybook/dist/_node-chunks/chunk-GRQFL3SI.js:3701:11)\n    at async NPMProxy.installDependencies (file:///C:/Users/Asus/AppData/Local/npm-cache/_npx/96f9239703459233/node_modules/storybook/dist/_node-chunks/chunk-Q4DOC7HF.js:11259:5)\n    at async DependencyInstallationCommand.execute (file:///C:/Users/Asus/AppData/Local/npm-cache/_npx/96f9239703459233/node_modules/create-storybook/dist/_node-chunks/chunk-C75MJVFW.js:1511:9)\n    at async doInitiate (file:///C:/Users/Asus/AppData/Local/npm-cache/_npx/96f9239703459233/node_modules/create-storybook/dist/_node-chunks/chunk-C75MJVFW.js:2287:38)\n    at async file:///C:/Users/Asus/AppData/Local/npm-cache/_npx/96f9239703459233/node_modules/create-storybook/dist/_node-chunks/chunk-C75MJVFW.js:2322:20\n    at async withTelemetry (file:///C:/Users/Asus/AppData/Local/npm-cache/_npx/96f9239703459233/node_modules/storybook/dist/_node-chunks/chunk-2372JZ52.js:209:12)\n    at async initiate (file:///C:/Users/Asus/AppData/Local/npm-cache/_npx/96f9239703459233/node_modules/create-storybook/dist/_node-chunks/chunk-C75MJVFW.js:2315:24)"}
[19:30:02.086] [ERROR] [31mInstallation of dependencies failed![39m
[19:30:02.088] [WARN] The following addons couldn't be configured:

- @storybook/addon-vitest: https://storybook.js.org/docs/writing-tests/integrations/vitest-addon#manual-setup

Please follow each addon's configuration instructions manually.
[19:30:02.090] [WARN] Storybook setup completed, but some non-blocking errors occurred. Please check the log file below for details.
[19:30:02.091] [INFO] To run Storybook manually, run [36mnpm run storybook[39m. CTRL+C to stop.
[19:30:02.092] [INFO] Wanna know more about Storybook? Check out [36mhttps://storybook.js.org/[39m
Having trouble or want to chat? Join us at [36mhttps://discord.gg/storybook/[39m